<?xml version="1.0" encoding="utf-8"?>
<test-run id="2" testcasecount="1" result="Passed" total="1" passed="1" failed="0" inconclusive="0" skipped="0" asserts="0" engine-version="3.5.0.0" clr-version="4.0.30319.42000" start-time="2026-09-25 06:52:51Z" end-time="2026-09-25 06:52:55Z" duration="4.0991611">
  <test-suite type="TestSuite" id="1310" name="PowerliftingSimulator" fullname="PowerliftingSimulator" runstate="Runnable" testcasecount="233" result="Passed" start-time="2026-09-25 06:52:51Z" end-time="2026-09-25 06:52:55Z" duration="4.099161" total="1" passed="1" failed="0" inconclusive="0" skipped="0" asserts="0">
    <properties>
      <property name="platform" value="PlayMode" />
    </properties>
    <test-suite type="Assembly" id="1304" name="PowerliftingSimulator.Foundation.Tests.PlayMode.dll" fullname="E:/Data/Projects/PowerliftingSimulator/Library/ScriptAssemblies/PowerliftingSimulator.Foundation.Tests.PlayMode.dll" runstate="Runnable" testcasecount="233" result="Passed" start-time="2026-09-25 06:52:51Z" end-time="2026-09-25 06:52:55Z" duration="4.074745" total="1" passed="1" failed="0" inconclusive="0" skipped="0" asserts="0">
      <properties>
        <property name="_PID" value="11676" />
        <property name="_APPDOMAIN" value="Unity Child Domain" />
        <property name="platform" value="PlayMode" />
        <property name="EditorOnly" value="False" />
      </properties>
      <test-suite type="TestSuite" id="1305" name="PowerliftingSimulator" fullname="PowerliftingSimulator" runstate="Runnable" testcasecount="233" result="Passed" start-time="2026-09-25 06:52:51Z" end-time="2026-09-25 06:52:55Z" duration="4.068700" total="1" passed="1" failed="0" inconclusive="0" skipped="0" asserts="0">
        <properties />
        <test-suite type="TestSuite" id="1306" name="Tests" fullname="PowerliftingSimulator.Tests" runstate="Runnable" testcasecount="233" result="Passed" start-time="2026-09-25 06:52:51Z" end-time="2026-09-25 06:52:55Z" duration="4.064169" total="1" passed="1" failed="0" inconclusive="0" skipped="0" asserts="0">
          <properties />
          <test-suite type="TestFixture" id="1078" name="GAM13SquatLoadCalibrationTests" fullname="PowerliftingSimulator.Tests.GAM13SquatLoadCalibrationTests" classname="PowerliftingSimulator.Tests.GAM13SquatLoadCalibrationTests" runstate="Runnable" testcasecount="2" result="Passed" start-time="2026-09-25 06:52:51Z" end-time="2026-09-25 06:52:55Z" duration="4.043083" total="1" passed="1" failed="0" inconclusive="0" skipped="0" asserts="0">
            <properties />
            <test-case id="1080" name="GAM13_PHASE_A_SINGLE_LOAD_FRESH_PROCESS" fullname="PowerliftingSimulator.Tests.GAM13SquatLoadCalibrationTests.GAM13_PHASE_A_SINGLE_LOAD_FRESH_PROCESS" methodname="GAM13_PHASE_A_SINGLE_LOAD_FRESH_PROCESS" classname="PowerliftingSimulator.Tests.GAM13SquatLoadCalibrationTests" runstate="Explicit" seed="2110973539" result="Passed" start-time="2026-09-25 06:52:51Z" end-time="2026-09-25 06:52:55Z" duration="4.006887" asserts="0">
              <properties>
                <property name="_JOINTYPE" value="UnityCombinatorial" />
                <property name="_SKIPREASON" value="GAM-13 Phase A untouched single-load screening; fresh Unity process required." />
                <property name="retryIteration" value="0" />
                <property name="repeatIteration" value="0" />
              </properties>
              <output><![CDATA[
IgnoreFailingMessages:true
GAM13_ATTEMPT sweep=phase-a-untouched candidate=production-checked-in load=60.0 run=1 terminal=TIMEOUT@1584 P3=EVALUABLE/PHYSICAL_FAILURE primary=POSTURE_OR_BAR_LOSS onset=437 latch=438 P2=INCOMPLETE_ATTEMPT/UNDETERMINED depthMin=-0.4173 legal=True bottom=583 ascent=NA lockout=NA concSec=NaN meanV=NaN peakV=0.0294 minMidV=NaN maxDemand=0.297 meanDemand=0.292 sat=0.000 knee=2052.0Nm hip=2052.0Nm sticking=NOT_APPLICABLE_NO_LOCKOUT vmax1=NaN vmin=NaN vmax2=NaN trunkMax=1.502 reversal=NaN saddleLoss=False traceCount=1503 driveTick=439 squatTick=85
Saving results to: C:/Users/Usuario/AppData/LocalLow/DefaultCompany/PowerliftingSimulator\TestResults.xml
]]></output>
            </test-case>
          </test-suite>
        </test-suite>
      </test-suite>
    </test-suite>
  </test-suite>
</test-run>